Build started 12/23/2011 1:36:29 PM.
     1>Project "C:\Users\Brian Bosak\Desktop\SCHOOL computer\Win32JSInterop\JSInteropLib64\JSInteropLib64.vcxproj" on node 4 (Build target(s)).
     1>C:\Program Files (x86)\MSBuild\Microsoft.Cpp\v4.0\V110\Microsoft.CppBuild.targets(322,5): warning MSB8004: Output Directory does not end with a trailing slash.  This build instance will add the slash as it is required to allow proper evaluation of the Output Directory.
         C:\Program Files (x86)\Microsoft Visual Studio 11.0\VC\bin\x86_amd64\CL.exe /c /Zi /nologo /W3 /WX- /Od /D WIN32 /D _DEBUG /D _WINDOWS /D _USRDLL /D JSINTEROPLIB64_EXPORTS /D _WINDLL /D _UNICODE /D UNICODE /Gm /EHsc /RTC1 /MDd /GS /fp:precise /Zc:wchar_t /Zc:forScope /Yu"stdafx.h" /Fp"x64\Debug\JSInteropLib64.pch" /Fo"x64\Debug\\" /Fd"x64\Debug\vc110.pdb" /Gd /TP /errorReport:prompt JSInteropLib64.cpp
         JSInteropLib64.cpp
     1>c:\users\brian bosak\desktop\school computer\win32jsinterop\jsinteroplib64\mempool.h(49): warning C4554: '&' : check operator precedence for possible error; use parentheses to clarify precedence
     1>JSInteropLib64.cpp(192): warning C4018: '<' : signed/unsigned mismatch
     1>JSInteropLib64.cpp(236): warning C4267: 'argument' : conversion from 'size_t' to 'int', possible loss of data
     1>c:\users\brian bosak\desktop\school computer\win32jsinterop\jsinteroplib64\jsinteroplib64.cpp(214): warning C4715: 'VMInstance::DeserializeObject' : not all control paths return a value
         C:\Program Files (x86)\Microsoft Visual Studio 11.0\VC\bin\x86_amd64\link.exe /ERRORREPORT:PROMPT /OUT:"..\JSTester\bin\x64\Debug\JSInteropLib64.dll" /INCREMENTAL /NOLOGO v8.lib WINMM.LIB kernel32.lib user32.lib gdi32.lib winspool.lib comdlg32.lib advapi32.lib shell32.lib ole32.lib oleaut32.lib uuid.lib odbc32.lib odbccp32.lib /MANIFEST /ManifestFile:"x64\Debug\JSInteropLib64.dll.intermediate.manifest" /MANIFESTUAC:"level='asInvoker' uiAccess='false'" /DEBUG /PDB:"C:\Users\Brian Bosak\Desktop\SCHOOL computer\Win32JSInterop\JSTester\bin\x64\Debug\JSInteropLib64.pdb" /SUBSYSTEM:WINDOWS /TLBID:1 /DYNAMICBASE /NXCOMPAT /IMPLIB:"..\JSTester\bin\x64\Debug\JSInteropLib64.lib" /MACHINE:X64 /DLL x64\Debug\JSInteropLib64.dll.embed.manifest.res
         x64\Debug\dllmain.obj
         x64\Debug\JSInteropLib64.obj
         x64\Debug\stdafx.obj
         LINK : symbol '__imp__Mtx_init' is undefined; performing full link
         LINK : symbol '__imp__Mtx_destroy' is undefined; performing full link
         LINK : symbol '__imp__Mtx_lock' is undefined; performing full link
         LINK : symbol '__imp__Mtx_unlock' is undefined; performing full link
         LINK : symbol '"__declspec(dllimport) void __cdecl std::_Throw_C_error(int)" (__imp_?_Throw_C_error@std@@YAXH@Z)' is undefined; performing full link
         C:\Program Files (x86)\Windows Kits\8.0\bin\x86\mt.exe /nologo /verbose /out:"x64\Debug\JSInteropLib64.dll.embed.manifest" /manifest x64\Debug\JSInteropLib64.dll.intermediate.manifest
         JSInteropLib64.vcxproj -> C:\Users\Brian Bosak\Desktop\SCHOOL computer\Win32JSInterop\JSInteropLib64\..\JSTester\bin\x64\Debug\JSInteropLib64.dll
     1>Done Building Project "C:\Users\Brian Bosak\Desktop\SCHOOL computer\Win32JSInterop\JSInteropLib64\JSInteropLib64.vcxproj" (Build target(s)).

Build succeeded.

Time Elapsed 00:00:02.25
