C:\USERS\BRIAN BOSAK\DESKTOP\SCHOOL COMPUTER\WIN32JSINTEROP\WIN32JSINTEROP\X64\DEBUG\STDAFX.OBJ
C:\USERS\BRIAN BOSAK\DESKTOP\SCHOOL COMPUTER\WIN32JSINTEROP\WIN32JSINTEROP\X64\DEBUG\VC100.PDB
C:\USERS\BRIAN BOSAK\DESKTOP\SCHOOL COMPUTER\WIN32JSINTEROP\WIN32JSINTEROP\X64\DEBUG\WIN32JSINTEROP.EXE.EMBED.MANIFEST
C:\USERS\BRIAN BOSAK\DESKTOP\SCHOOL COMPUTER\WIN32JSINTEROP\WIN32JSINTEROP\X64\DEBUG\WIN32JSINTEROP.EXE.EMBED.MANIFEST.RES
C:\USERS\BRIAN BOSAK\DESKTOP\SCHOOL COMPUTER\WIN32JSINTEROP\WIN32JSINTEROP\X64\DEBUG\WIN32JSINTEROP.OBJ
C:\USERS\BRIAN BOSAK\DESKTOP\SCHOOL COMPUTER\WIN32JSINTEROP\WIN32JSINTEROP\X64\DEBUG\WIN32JSINTEROP.PCH
D:\Users\Brian Bosak\Desktop\SCHOOL computer\Win32JSInterop\Win32JSInterop\x64\Debug\cl.command.1.tlog
D:\Users\Brian Bosak\Desktop\SCHOOL computer\Win32JSInterop\Win32JSInterop\x64\Debug\CL.read.1.tlog
D:\Users\Brian Bosak\Desktop\SCHOOL computer\Win32JSInterop\Win32JSInterop\x64\Debug\CL.write.1.tlog
D:\Users\Brian Bosak\Desktop\SCHOOL computer\Win32JSInterop\Win32JSInterop\x64\Debug\link.10900.read.1.tlog
D:\Users\Brian Bosak\Desktop\SCHOOL computer\Win32JSInterop\Win32JSInterop\x64\Debug\link.10900.write.1.tlog
D:\Users\Brian Bosak\Desktop\SCHOOL computer\Win32JSInterop\Win32JSInterop\x64\Debug\link.10900-cvtres.read.1.tlog
D:\Users\Brian Bosak\Desktop\SCHOOL computer\Win32JSInterop\Win32JSInterop\x64\Debug\link.10900-cvtres.write.1.tlog
D:\Users\Brian Bosak\Desktop\SCHOOL computer\Win32JSInterop\Win32JSInterop\x64\Debug\link.11508.read.1.tlog
D:\Users\Brian Bosak\Desktop\SCHOOL computer\Win32JSInterop\Win32JSInterop\x64\Debug\link.11508.write.1.tlog
D:\Users\Brian Bosak\Desktop\SCHOOL computer\Win32JSInterop\Win32JSInterop\x64\Debug\link.11508-cvtres.read.1.tlog
D:\Users\Brian Bosak\Desktop\SCHOOL computer\Win32JSInterop\Win32JSInterop\x64\Debug\link.11508-cvtres.write.1.tlog
D:\Users\Brian Bosak\Desktop\SCHOOL computer\Win32JSInterop\Win32JSInterop\x64\Debug\link.12900.read.1.tlog
D:\Users\Brian Bosak\Desktop\SCHOOL computer\Win32JSInterop\Win32JSInterop\x64\Debug\link.12900.write.1.tlog
D:\Users\Brian Bosak\Desktop\SCHOOL computer\Win32JSInterop\Win32JSInterop\x64\Debug\link.12900-cvtres.read.1.tlog
D:\Users\Brian Bosak\Desktop\SCHOOL computer\Win32JSInterop\Win32JSInterop\x64\Debug\link.12900-cvtres.write.1.tlog
D:\Users\Brian Bosak\Desktop\SCHOOL computer\Win32JSInterop\Win32JSInterop\x64\Debug\link.16700.read.1.tlog
D:\Users\Brian Bosak\Desktop\SCHOOL computer\Win32JSInterop\Win32JSInterop\x64\Debug\link.16700.write.1.tlog
D:\Users\Brian Bosak\Desktop\SCHOOL computer\Win32JSInterop\Win32JSInterop\x64\Debug\link.18504.read.1.tlog
D:\Users\Brian Bosak\Desktop\SCHOOL computer\Win32JSInterop\Win32JSInterop\x64\Debug\link.18504.write.1.tlog
D:\Users\Brian Bosak\Desktop\SCHOOL computer\Win32JSInterop\Win32JSInterop\x64\Debug\link.18504-cvtres.read.1.tlog
D:\Users\Brian Bosak\Desktop\SCHOOL computer\Win32JSInterop\Win32JSInterop\x64\Debug\link.18504-cvtres.write.1.tlog
D:\Users\Brian Bosak\Desktop\SCHOOL computer\Win32JSInterop\Win32JSInterop\x64\Debug\link.19552.read.1.tlog
D:\Users\Brian Bosak\Desktop\SCHOOL computer\Win32JSInterop\Win32JSInterop\x64\Debug\link.19552.write.1.tlog
D:\Users\Brian Bosak\Desktop\SCHOOL computer\Win32JSInterop\Win32JSInterop\x64\Debug\link.19552-cvtres.read.1.tlog
D:\Users\Brian Bosak\Desktop\SCHOOL computer\Win32JSInterop\Win32JSInterop\x64\Debug\link.19552-cvtres.write.1.tlog
D:\Users\Brian Bosak\Desktop\SCHOOL computer\Win32JSInterop\Win32JSInterop\x64\Debug\link.19644.read.1.tlog
D:\Users\Brian Bosak\Desktop\SCHOOL computer\Win32JSInterop\Win32JSInterop\x64\Debug\link.19644.write.1.tlog
D:\Users\Brian Bosak\Desktop\SCHOOL computer\Win32JSInterop\Win32JSInterop\x64\Debug\link.20016.read.1.tlog
D:\Users\Brian Bosak\Desktop\SCHOOL computer\Win32JSInterop\Win32JSInterop\x64\Debug\link.20016.write.1.tlog
D:\Users\Brian Bosak\Desktop\SCHOOL computer\Win32JSInterop\Win32JSInterop\x64\Debug\link.20268.read.1.tlog
D:\Users\Brian Bosak\Desktop\SCHOOL computer\Win32JSInterop\Win32JSInterop\x64\Debug\link.20268.write.1.tlog
D:\Users\Brian Bosak\Desktop\SCHOOL computer\Win32JSInterop\Win32JSInterop\x64\Debug\link.20268-cvtres.read.1.tlog
D:\Users\Brian Bosak\Desktop\SCHOOL computer\Win32JSInterop\Win32JSInterop\x64\Debug\link.20268-cvtres.write.1.tlog
D:\Users\Brian Bosak\Desktop\SCHOOL computer\Win32JSInterop\Win32JSInterop\x64\Debug\link.20276.read.1.tlog
D:\Users\Brian Bosak\Desktop\SCHOOL computer\Win32JSInterop\Win32JSInterop\x64\Debug\link.20276.write.1.tlog
D:\Users\Brian Bosak\Desktop\SCHOOL computer\Win32JSInterop\Win32JSInterop\x64\Debug\link.20276-cvtres.read.1.tlog
D:\Users\Brian Bosak\Desktop\SCHOOL computer\Win32JSInterop\Win32JSInterop\x64\Debug\link.20276-cvtres.write.1.tlog
D:\Users\Brian Bosak\Desktop\SCHOOL computer\Win32JSInterop\Win32JSInterop\x64\Debug\link.command.1.tlog
D:\Users\Brian Bosak\Desktop\SCHOOL computer\Win32JSInterop\Win32JSInterop\x64\Debug\link.read.1.tlog
D:\Users\Brian Bosak\Desktop\SCHOOL computer\Win32JSInterop\Win32JSInterop\x64\Debug\link.write.1.tlog
D:\Users\Brian Bosak\Desktop\SCHOOL computer\Win32JSInterop\Win32JSInterop\x64\Debug\link-cvtres.read.1.tlog
D:\Users\Brian Bosak\Desktop\SCHOOL computer\Win32JSInterop\Win32JSInterop\x64\Debug\link-cvtres.write.1.tlog
D:\Users\Brian Bosak\Desktop\SCHOOL computer\Win32JSInterop\Win32JSInterop\x64\Debug\mt.command.1.tlog
D:\Users\Brian Bosak\Desktop\SCHOOL computer\Win32JSInterop\Win32JSInterop\x64\Debug\mt.read.1.tlog
D:\Users\Brian Bosak\Desktop\SCHOOL computer\Win32JSInterop\Win32JSInterop\x64\Debug\mt.write.1.tlog
D:\Users\Brian Bosak\Desktop\SCHOOL computer\Win32JSInterop\Win32JSInterop\x64\Debug\rc.command.1.tlog
D:\Users\Brian Bosak\Desktop\SCHOOL computer\Win32JSInterop\Win32JSInterop\x64\Debug\rc.read.1.tlog
D:\Users\Brian Bosak\Desktop\SCHOOL computer\Win32JSInterop\Win32JSInterop\x64\Debug\rc.write.1.tlog
D:\USERS\BRIAN BOSAK\DESKTOP\SCHOOL COMPUTER\WIN32JSINTEROP\WIN32JSINTEROP\X64\DEBUG\STDAFX.OBJ
D:\Users\Brian Bosak\Desktop\SCHOOL computer\Win32JSInterop\Win32JSInterop\x64\Debug\vc100.idb
D:\Users\Brian Bosak\Desktop\SCHOOL computer\Win32JSInterop\Win32JSInterop\x64\Debug\vc100.pdb
D:\Users\Brian Bosak\Desktop\SCHOOL computer\Win32JSInterop\Win32JSInterop\x64\Debug\vc110.idb
D:\USERS\BRIAN BOSAK\DESKTOP\SCHOOL COMPUTER\WIN32JSINTEROP\WIN32JSINTEROP\X64\DEBUG\VC110.PDB
D:\Users\Brian Bosak\Desktop\SCHOOL computer\Win32JSInterop\Win32JSInterop\x64\Debug\Win32JSInterop.exe.embed.manifest
D:\USERS\BRIAN BOSAK\DESKTOP\SCHOOL COMPUTER\WIN32JSINTEROP\WIN32JSINTEROP\X64\DEBUG\WIN32JSINTEROP.EXE.EMBED.MANIFEST.RES
D:\Users\Brian Bosak\Desktop\SCHOOL computer\Win32JSInterop\Win32JSInterop\x64\Debug\Win32JSInterop.exe.intermediate.manifest
D:\USERS\BRIAN BOSAK\DESKTOP\SCHOOL COMPUTER\WIN32JSINTEROP\WIN32JSINTEROP\X64\DEBUG\WIN32JSINTEROP.OBJ
D:\USERS\BRIAN BOSAK\DESKTOP\SCHOOL COMPUTER\WIN32JSINTEROP\WIN32JSINTEROP\X64\DEBUG\WIN32JSINTEROP.PCH
D:\Users\Brian Bosak\Desktop\SCHOOL computer\Win32JSInterop\Win32JSInterop\x64\Debug\Win32JSInterop.write.1.tlog
D:\Users\Brian Bosak\Desktop\SCHOOL computer\Win32JSInterop\Win32JSInterop\x64\Debug\Win32JSInterop_manifest.rc
D:\Users\Brian Bosak\Desktop\SCHOOL computer\Win32JSInterop\x64\Debug\Win32JSInterop.pdb
